\BOOKMARK [0][-]{titulo.0}{\376\377\000P\000\341\000g\000i\000n\000a\000\040\000d\000e\000\040\000T\000\355\000t\000u\000l\000o}{}% 1
\BOOKMARK [0][-]{indices.0}{\376\377\000\315\000n\000d\000i\000c\000e\000s}{}% 2
\BOOKMARK [1][-]{tabla de contenidos.1}{\376\377\000T\000a\000b\000l\000a\000\040\000d\000e\000\040\000C\000o\000n\000t\000e\000n\000i\000d\000o\000s}{indices.0}% 3
\BOOKMARK [1][-]{indice de figuras.1}{\376\377\000\315\000n\000d\000i\000c\000e\000\040\000d\000e\000\040\000f\000i\000g\000u\000r\000a\000s}{indices.0}% 4
\BOOKMARK [1][-]{indice de tablas.1}{\376\377\000\315\000n\000d\000i\000c\000e\000\040\000d\000e\000\040\000t\000a\000b\000l\000a\000s}{indices.0}% 5
\BOOKMARK [0][-]{chapter.7}{\376\377\000I\000n\000t\000r\000o\000d\000u\000c\000c\000i\000\363\000n}{}% 6
\BOOKMARK [1][-]{section.8}{\376\377\000M\000o\000t\000i\000v\000a\000c\000i\000\363\000n}{chapter.7}% 7
\BOOKMARK [1][-]{section.9}{\376\377\000O\000b\000j\000e\000t\000i\000v\000o\000s}{chapter.7}% 8
\BOOKMARK [1][-]{section.10}{\376\377\000P\000l\000a\000n\000\040\000d\000e\000\040\000t\000r\000a\000b\000a\000j\000o}{chapter.7}% 9
\BOOKMARK [2][-]{subsection.11}{\376\377\000I\000n\000v\000e\000s\000t\000i\000g\000a\000c\000i\000\363\000n\000\040\000p\000r\000e\000l\000i\000m\000i\000n\000a\000r}{section.10}% 10
\BOOKMARK [2][-]{subsection.12}{\376\377\000E\000s\000t\000r\000u\000c\000t\000u\000r\000a\000\040\000y\000\040\000e\000n\000t\000o\000r\000n\000o\000\040\000d\000e\000\040\000d\000e\000s\000a\000r\000r\000o\000l\000l\000o}{section.10}% 11
\BOOKMARK [2][-]{subsection.13}{\376\377\000A\000u\000t\000e\000n\000t\000i\000c\000a\000c\000i\000\363\000n}{section.10}% 12
\BOOKMARK [2][-]{subsection.14}{\376\377\000B\000a\000s\000e\000\040\000d\000e\000\040\000D\000a\000t\000o\000s}{section.10}% 13
\BOOKMARK [2][-]{subsection.15}{\376\377\000B\000a\000c\000k\000e\000n\000d}{section.10}% 14
\BOOKMARK [2][-]{subsection.16}{\376\377\000S\000i\000n\000c\000r\000o\000n\000i\000z\000a\000c\000i\000\363\000n}{section.10}% 15
\BOOKMARK [2][-]{subsection.17}{\376\377\000I\000n\000t\000e\000r\000f\000a\000z\000\040\000i\000n\000t\000u\000i\000t\000i\000v\000a\000,\000\040\000f\000r\000o\000n\000t\000e\000n\000d}{section.10}% 16
\BOOKMARK [1][-]{section.18}{\376\377\000R\000e\000c\000o\000m\000e\000n\000d\000a\000d\000o\000r\000\040\000d\000e\000\040\000H\000\341\000b\000i\000t\000o\000s\000\040\000S\000a\000l\000u\000d\000a\000b\000l\000e\000s}{chapter.7}% 17
\BOOKMARK [0][-]{chapter*.19}{\376\377\000I\000n\000t\000r\000o\000d\000u\000c\000t\000i\000o\000n}{}% 18
\BOOKMARK [0][-]{chapter.20}{\376\377\000E\000s\000t\000a\000d\000o\000\040\000D\000e\000l\000\040\000A\000r\000t\000e}{}% 19
\BOOKMARK [1][-]{section.21}{\376\377\000H\000a\000b\000i\000t\000i\000c\000a}{chapter.20}% 20
\BOOKMARK [1][-]{section.23}{\376\377\000H\000a\000b\000i\000t\000i\000f\000y}{chapter.20}% 21
\BOOKMARK [1][-]{section.25}{\376\377\000H\000a\000b\000i\000t\000N\000o\000w}{chapter.20}% 22
\BOOKMARK [1][-]{section.27}{\376\377\000I\000N\000D\000Y\000A}{chapter.20}% 23
\BOOKMARK [1][-]{section.29}{\376\377\000W\000a\000y\000\040\000o\000f\000\040\000L\000i\000f\000e}{chapter.20}% 24
\BOOKMARK [1][-]{section.31}{\376\377\000T\000o\000d\000o\000i\000s\000t}{chapter.20}% 25
\BOOKMARK [1][-]{section.32}{\376\377\000C\000o\000n\000c\000l\000u\000s\000i\000o\000n\000e\000s}{chapter.20}% 26
\BOOKMARK [0][-]{chapter.33}{\376\377\000V\000i\000t\000H\000a\000b\000i\000t\000u\000s}{}% 27
\BOOKMARK [1][-]{section.34}{\376\377\000D\000i\000s\000e\000\361\000o\000\040\000d\000e\000l\000\040\000s\000i\000s\000t\000e\000m\000a}{chapter.33}% 28
\BOOKMARK [2][-]{subsection.35}{\376\377\000R\000e\000q\000u\000i\000s\000i\000t\000o\000s\000\040\000F\000u\000n\000c\000i\000o\000n\000a\000l\000e\000s}{section.34}% 29
\BOOKMARK [2][-]{subsection.42}{\376\377\000E\000s\000p\000e\000c\000i\000f\000i\000c\000a\000c\000i\000o\000n\000e\000s\000\040\000T\000\351\000c\000n\000i\000c\000a\000s}{section.34}% 30
\BOOKMARK [2][-]{subsection.43}{\376\377\000E\000s\000p\000e\000c\000i\000f\000i\000c\000a\000c\000i\000o\000n\000e\000s\000\040\000n\000o\000\040\000f\000u\000n\000c\000i\000o\000n\000a\000l\000e\000s}{section.34}% 31
\BOOKMARK [2][-]{subsection.44}{\376\377\000R\000i\000e\000s\000g\000o\000s}{section.34}% 32
\BOOKMARK [1][-]{section.45}{\376\377\000A\000r\000q\000u\000i\000t\000e\000c\000t\000u\000r\000a}{chapter.33}% 33
\BOOKMARK [1][-]{section.48}{\376\377\000E\000s\000t\000r\000u\000c\000t\000u\000r\000a\000\040\000g\000e\000n\000e\000r\000a\000l}{chapter.33}% 34
\BOOKMARK [1][-]{section.52}{\376\377\000D\000e\000s\000a\000r\000r\000o\000l\000l\000o\000\040\000d\000e\000\040\000l\000a\000\040\000a\000p\000l\000i\000c\000a\000c\000i\000\363\000n\000\040\000m\000\363\000v\000i\000l}{chapter.33}% 35
\BOOKMARK [2][-]{subsection.53}{\376\377\000C\000o\000m\000p\000o\000n\000e\000n\000t\000e\000s\000\040\000r\000e\000u\000t\000i\000l\000i\000z\000a\000b\000l\000e\000s}{section.52}% 36
\BOOKMARK [2][-]{subsection.54}{\376\377\000V\000a\000l\000i\000d\000a\000c\000i\000\363\000n\000\040\000d\000e\000l\000\040\000f\000o\000r\000m\000u\000l\000a\000r\000i\000o\000\040\000d\000e\000\040\000H\000\341\000b\000i\000t\000o\000s}{section.52}% 37
\BOOKMARK [1][-]{section.55}{\376\377\000S\000e\000r\000v\000i\000c\000i\000o\000s\000\040\000b\000a\000c\000k\000e\000n\000d}{chapter.33}% 38
\BOOKMARK [2][-]{subsection.56}{\376\377\000B\000a\000s\000e\000\040\000d\000e\000\040\000d\000a\000t\000o\000s}{section.55}% 39
\BOOKMARK [2][-]{subsection.57}{\376\377\000A\000u\000t\000e\000n\000t\000i\000c\000a\000c\000i\000\363\000n\000\040\000U\000s\000u\000a\000r\000i\000o\000s}{section.55}% 40
\BOOKMARK [2][-]{subsection.58}{\376\377\000A\000p\000i\000\040\000R\000e\000s\000t}{section.55}% 41
\BOOKMARK [1][-]{section.115}{\376\377\000C\000a\000s\000o\000\040\000d\000e\000\040\000u\000s\000o\000:\000\040\000E\000j\000e\000m\000p\000l\000o\000\040\000c\000o\000m\000p\000l\000e\000t\000o\000\040\000d\000e\000\040\000e\000v\000a\000l\000u\000a\000c\000i\000\363\000n\000\040\000y\000\040\000r\000e\000c\000o\000m\000e\000n\000d\000a\000c\000i\000\363\000n}{chapter.33}% 42
\BOOKMARK [2][-]{subsection.116}{\376\377\000P\000e\000r\000f\000i\000l\000\040\000d\000e\000l\000\040\000u\000s\000u\000a\000r\000i\000o}{section.115}% 43
\BOOKMARK [2][-]{subsection.117}{\376\377\000H\000\341\000b\000i\000t\000o\000s\000\040\000i\000n\000t\000r\000o\000d\000u\000c\000i\000d\000o\000s\000\040\000e\000n\000\040\000l\000a\000\040\000a\000p\000l\000i\000c\000a\000c\000i\000\363\000n}{section.115}% 44
\BOOKMARK [2][-]{subsection.118}{\376\377\000E\000j\000e\000c\000u\000c\000i\000\363\000n\000\040\000d\000e\000l\000\040\000r\000e\000c\000o\000m\000e\000n\000d\000a\000d\000o\000r}{section.115}% 45
\BOOKMARK [2][-]{subsection.119}{\376\377\000R\000e\000c\000o\000m\000e\000n\000d\000a\000c\000i\000o\000n\000e\000s\000\040\000g\000e\000n\000e\000r\000a\000d\000a\000s}{section.115}% 46
\BOOKMARK [2][-]{subsection.120}{\376\377\000V\000i\000s\000u\000a\000l\000i\000z\000a\000c\000i\000\363\000n\000\040\000e\000n\000\040\000l\000a\000\040\000a\000p\000l\000i\000c\000a\000c\000i\000\363\000n}{section.115}% 47
\BOOKMARK [2][-]{subsection.122}{\376\377\000C\000o\000n\000c\000l\000u\000s\000i\000o\000n\000e\000s\000\040\000d\000e\000l\000\040\000c\000a\000s\000o}{section.115}% 48
\BOOKMARK [1][-]{section.123}{\376\377\000T\000e\000c\000n\000o\000l\000o\000g\000\355\000a\000s\000\040\000U\000t\000i\000l\000i\000z\000a\000d\000a\000s}{chapter.33}% 49
\BOOKMARK [0][-]{chapter.124}{\376\377\000C\000o\000n\000c\000l\000u\000s\000i\000o\000n\000e\000s\000\040\000y\000\040\000T\000r\000a\000b\000a\000j\000o\000\040\000F\000u\000t\000u\000r\000o}{}% 50
\BOOKMARK [1][-]{subsection.125}{\376\377\000T\000r\000a\000b\000a\000j\000o\000\040\000F\000u\000t\000u\000r\000o}{chapter.124}% 51
\BOOKMARK [0][-]{chapter*.126}{\376\377\000C\000o\000n\000c\000l\000u\000s\000i\000o\000n\000s\000\040\000a\000n\000d\000\040\000F\000u\000t\000u\000r\000e\000\040\000W\000o\000r\000k}{}% 52
\BOOKMARK [0][-]{chapter*.127}{\376\377\000B\000i\000b\000l\000i\000o\000g\000r\000a\000f\000\355\000a}{}% 53
