\BOOKMARK [0][-]{titulo.0}{\376\377\000P\000\341\000g\000i\000n\000a\000\040\000d\000e\000\040\000T\000\355\000t\000u\000l\000o}{}% 1
\BOOKMARK [0][-]{indices.0}{\376\377\000\315\000n\000d\000i\000c\000e\000s}{}% 2
\BOOKMARK [1][-]{tabla de contenidos.1}{\376\377\000T\000a\000b\000l\000a\000\040\000d\000e\000\040\000C\000o\000n\000t\000e\000n\000i\000d\000o\000s}{indices.0}% 3
\BOOKMARK [1][-]{indice de figuras.1}{\376\377\000\315\000n\000d\000i\000c\000e\000\040\000d\000e\000\040\000f\000i\000g\000u\000r\000a\000s}{indices.0}% 4
\BOOKMARK [1][-]{indice de tablas.1}{\376\377\000\315\000n\000d\000i\000c\000e\000\040\000d\000e\000\040\000t\000a\000b\000l\000a\000s}{indices.0}% 5
\BOOKMARK [0][-]{chapter.7}{\376\377\000I\000n\000t\000r\000o\000d\000u\000c\000c\000i\000\363\000n}{}% 6
\BOOKMARK [1][-]{section.8}{\376\377\000M\000o\000t\000i\000v\000a\000c\000i\000\363\000n}{chapter.7}% 7
\BOOKMARK [1][-]{section.9}{\376\377\000O\000b\000j\000e\000t\000i\000v\000o\000s}{chapter.7}% 8
\BOOKMARK [1][-]{section.10}{\376\377\000P\000l\000a\000n\000\040\000d\000e\000\040\000t\000r\000a\000b\000a\000j\000o}{chapter.7}% 9
\BOOKMARK [2][-]{subsection.11}{\376\377\000E\000s\000t\000r\000c\000u\000c\000t\000u\000r\000a\000\040\000y\000\040\000e\000n\000t\000o\000r\000n\000o\000\040\000d\000e\000\040\000d\000e\000s\000a\000r\000r\000o\000l\000l\000o}{section.10}% 10
\BOOKMARK [2][-]{subsection.12}{\376\377\000I\000n\000t\000e\000r\000f\000a\000z\000\040\000i\000n\000t\000u\000i\000t\000i\000v\000a}{section.10}% 11
\BOOKMARK [2][-]{subsection.13}{\376\377\000A\000u\000t\000e\000n\000t\000i\000c\000a\000c\000i\000\363\000n}{section.10}% 12
\BOOKMARK [2][-]{subsection.14}{\376\377\000B\000a\000s\000e\000\040\000d\000e\000\040\000D\000a\000t\000o\000s}{section.10}% 13
\BOOKMARK [2][-]{subsection.15}{\376\377\000A\000P\000I\000\040\000R\000E\000S\000T}{section.10}% 14
\BOOKMARK [2][-]{subsection.16}{\376\377\000S\000i\000n\000c\000r\000o\000n\000i\000z\000a\000c\000i\000\363\000n}{section.10}% 15
\BOOKMARK [1][-]{section.17}{\376\377\000R\000e\000c\000o\000m\000e\000n\000d\000a\000d\000o\000r\000\040\000d\000e\000\040\000H\000\341\000b\000i\000t\000o\000s\000\040\000S\000a\000l\000u\000d\000a\000b\000l\000e\000s}{chapter.7}% 16
\BOOKMARK [0][-]{chapter*.18}{\376\377\000I\000n\000t\000r\000o\000d\000u\000c\000t\000i\000o\000n}{}% 17
\BOOKMARK [0][-]{chapter.19}{\376\377\000D\000e\000s\000c\000r\000i\000p\000c\000i\000\363\000n\000\040\000d\000e\000l\000\040\000T\000r\000a\000b\000a\000j\000o}{}% 18
\BOOKMARK [1][-]{section.20}{\376\377\000E\000s\000t\000r\000u\000c\000t\000u\000r\000a\000\040\000g\000e\000n\000e\000r\000a\000l}{chapter.19}% 19
\BOOKMARK [2][-]{subsection.21}{\376\377\000R\000e\000q\000u\000i\000s\000i\000t\000o\000s\000\040\000F\000u\000n\000c\000i\000o\000n\000a\000l\000e\000s}{section.20}% 20
\BOOKMARK [2][-]{subsection.28}{\376\377\000E\000s\000p\000e\000c\000i\000f\000i\000c\000a\000c\000i\000o\000n\000e\000s\000\040\000T\000\351\000c\000n\000i\000c\000a\000s}{section.20}% 21
\BOOKMARK [2][-]{subsection.29}{\376\377\000E\000s\000p\000e\000c\000i\000f\000i\000c\000a\000c\000i\000o\000n\000e\000s\000\040\000n\000o\000\040\000f\000u\000n\000c\000i\000o\000n\000a\000l\000e\000s}{section.20}% 22
\BOOKMARK [2][-]{subsection.30}{\376\377\000R\000i\000e\000s\000g\000o\000s}{section.20}% 23
\BOOKMARK [1][-]{section.31}{\376\377\000A\000r\000q\000u\000i\000t\000e\000c\000t\000u\000r\000a}{chapter.19}% 24
\BOOKMARK [1][-]{section.33}{\376\377\000D\000e\000s\000a\000r\000r\000o\000l\000l\000o\000\040\000a\000p\000l\000i\000c\000a\000c\000i\000\363\000n\000\040\000m\000\363\000v\000i\000l}{chapter.19}% 25
\BOOKMARK [2][-]{subsection.34}{\376\377\000C\000o\000m\000p\000o\000n\000e\000n\000t\000e\000s\000\040\000r\000e\000u\000t\000i\000l\000i\000z\000a\000b\000l\000e\000s}{section.33}% 26
\BOOKMARK [2][-]{subsection.35}{\376\377\000V\000a\000l\000i\000d\000a\000c\000i\000\363\000n\000\040\000d\000e\000l\000\040\000f\000o\000r\000m\000u\000l\000a\000r\000i\000o\000\040\000d\000e\000\040\000H\000\341\000b\000i\000t\000o\000s}{section.33}% 27
\BOOKMARK [1][-]{section.36}{\376\377\000B\000a\000s\000e\000\040\000d\000e\000\040\000d\000a\000t\000o\000s}{chapter.19}% 28
\BOOKMARK [1][-]{section.37}{\376\377\000A\000u\000t\000e\000n\000t\000i\000c\000a\000c\000i\000\363\000n\000\040\000U\000s\000u\000a\000r\000i\000o\000s}{chapter.19}% 29
\BOOKMARK [1][-]{section.38}{\376\377\000A\000p\000i\000\040\000R\000e\000s\000t}{chapter.19}% 30
\BOOKMARK [2][-]{subsection.39}{\376\377\000R\000e\000c\000o\000m\000e\000n\000d\000a\000d\000o\000r\000\040\000d\000e\000\040\000H\000\341\000b\000i\000t\000o\000s}{section.38}% 31
\BOOKMARK [1][-]{section.94}{\376\377\000T\000e\000c\000n\000o\000l\000o\000g\000\355\000a\000s\000\040\000U\000t\000i\000l\000i\000z\000a\000d\000a\000s}{chapter.19}% 32
\BOOKMARK [0][-]{chapter.95}{\376\377\000C\000o\000n\000c\000l\000u\000s\000i\000o\000n\000e\000s\000\040\000y\000\040\000T\000r\000a\000b\000a\000j\000o\000\040\000F\000u\000t\000u\000r\000o}{}% 33
\BOOKMARK [1][-]{subsection.96}{\376\377\000T\000r\000a\000b\000a\000j\000o\000\040\000F\000u\000t\000u\000r\000o}{chapter.95}% 34
\BOOKMARK [0][-]{chapter*.97}{\376\377\000C\000o\000n\000c\000l\000u\000s\000i\000o\000n\000s\000\040\000a\000n\000d\000\040\000F\000u\000t\000u\000r\000e\000\040\000W\000o\000r\000k}{}% 35
\BOOKMARK [0][-]{chapter*.98}{\376\377\000B\000i\000b\000l\000i\000o\000g\000r\000a\000f\000\355\000a}{}% 36
\BOOKMARK [0][-]{fin.0}{\376\377\000F\000i\000n}{}% 37
